<?xml version="1.0" encoding="UTF-8"?>
<coverage generated="1586401179871" clover="3.2.0">
  <project timestamp="1586401179871" name="All files">
    <metrics statements="12" coveredstatements="12" conditionals="6" coveredconditionals="5" methods="6" coveredmethods="6" elements="24" coveredelements="23" complexity="0" loc="12" ncloc="12" packages="2" files="2" classes="2"/>
    <package name="actions">
      <metrics statements="4" coveredstatements="4" conditionals="0" coveredconditionals="0" methods="4" coveredmethods="4"/>
      <file name="actions.js" path="/Users/seanmcquaid/development/Projects/CreditCardRoulette/src/actions/actions.js">
        <metrics statements="4" coveredstatements="4" conditionals="0" coveredconditionals="0" methods="4" coveredmethods="4"/>
        <line num="1" count="1" type="stmt"/>
        <line num="8" count="1" type="stmt"/>
        <line num="15" count="1" type="stmt"/>
        <line num="22" count="1" type="stmt"/>
      </file>
    </package>
    <package name="reducers">
      <metrics statements="8" coveredstatements="8" conditionals="6" coveredconditionals="5" methods="2" coveredmethods="2"/>
      <file name="rootReducer.js" path="/Users/seanmcquaid/development/Projects/CreditCardRoulette/src/reducers/rootReducer.js">
        <metrics statements="8" coveredstatements="8" conditionals="6" coveredconditionals="5" methods="2" coveredmethods="2"/>
        <line num="1" count="1" type="stmt"/>
        <line num="7" count="5" type="cond" truecount="5" falsecount="0"/>
        <line num="9" count="1" type="stmt"/>
        <line num="14" count="1" type="stmt"/>
        <line num="19" count="1" type="stmt"/>
        <line num="21" count="1" type="stmt"/>
        <line num="24" count="1" type="stmt"/>
        <line num="30" count="1" type="stmt"/>
      </file>
    </package>
  </project>
</coverage>
