{"/Users/seanmcquaid/development/Projects/CreditCardRoulette/src/actions/actions.js": {"path":"/Users/seanmcquaid/development/Projects/CreditCardRoulette/src/actions/actions.js","statementMap":{"0":{"start":{"line":1,"column":30},"end":{"line":6,"column":2}},"1":{"start":{"line":1,"column":46},"end":{"line":6,"column":1}},"2":{"start":{"line":8,"column":25},"end":{"line":13,"column":2}},"3":{"start":{"line":8,"column":40},"end":{"line":13,"column":1}},"4":{"start":{"line":15,"column":28},"end":{"line":20,"column":2}},"5":{"start":{"line":15,"column":51},"end":{"line":20,"column":1}},"6":{"start":{"line":22,"column":25},"end":{"line":24,"column":2}},"7":{"start":{"line":22,"column":32},"end":{"line":24,"column":1}}},"fnMap":{"0":{"name":"(anonymous_0)","decl":{"start":{"line":1,"column":30},"end":{"line":1,"column":31}},"loc":{"start":{"line":1,"column":46},"end":{"line":6,"column":1}},"line":1},"1":{"name":"(anonymous_1)","decl":{"start":{"line":8,"column":25},"end":{"line":8,"column":26}},"loc":{"start":{"line":8,"column":40},"end":{"line":13,"column":1}},"line":8},"2":{"name":"(anonymous_2)","decl":{"start":{"line":15,"column":28},"end":{"line":15,"column":29}},"loc":{"start":{"line":15,"column":51},"end":{"line":20,"column":1}},"line":15},"3":{"name":"(anonymous_3)","decl":{"start":{"line":22,"column":25},"end":{"line":22,"column":26}},"loc":{"start":{"line":22,"column":32},"end":{"line":24,"column":1}},"line":22}},"branchMap":{},"s":{"0":1,"1":1,"2":1,"3":1,"4":1,"5":1,"6":1,"7":1},"f":{"0":1,"1":1,"2":1,"3":1},"b":{},"_coverageSchema":"43e27e138ebf9cfc5966b082cf9a028302ed4184","hash":"c2d50811833d20e272e09ceb7f56f0b84ab9cf83"}
,"/Users/seanmcquaid/development/Projects/CreditCardRoulette/src/reducers/rootReducer.js": {"path":"/Users/seanmcquaid/development/Projects/CreditCardRoulette/src/reducers/rootReducer.js","statementMap":{"0":{"start":{"line":1,"column":21},"end":{"line":4,"column":1}},"1":{"start":{"line":7,"column":4},"end":{"line":31,"column":5}},"2":{"start":{"line":9,"column":12},"end":{"line":12,"column":13}},"3":{"start":{"line":14,"column":12},"end":{"line":17,"column":14}},"4":{"start":{"line":19,"column":12},"end":{"line":22,"column":14}},"5":{"start":{"line":21,"column":69},"end":{"line":21,"column":117}},"6":{"start":{"line":24,"column":12},"end":{"line":28,"column":13}},"7":{"start":{"line":30,"column":12},"end":{"line":30,"column":25}}},"fnMap":{"0":{"name":"(anonymous_0)","decl":{"start":{"line":6,"column":15},"end":{"line":6,"column":16}},"loc":{"start":{"line":6,"column":49},"end":{"line":32,"column":1}},"line":6},"1":{"name":"(anonymous_1)","decl":{"start":{"line":21,"column":55},"end":{"line":21,"column":56}},"loc":{"start":{"line":21,"column":69},"end":{"line":21,"column":117}},"line":21}},"branchMap":{"0":{"loc":{"start":{"line":6,"column":16},"end":{"line":6,"column":36}},"type":"default-arg","locations":[{"start":{"line":6,"column":24},"end":{"line":6,"column":36}}],"line":6},"1":{"loc":{"start":{"line":7,"column":4},"end":{"line":31,"column":5}},"type":"switch","locations":[{"start":{"line":8,"column":8},"end":{"line":12,"column":13}},{"start":{"line":13,"column":8},"end":{"line":17,"column":14}},{"start":{"line":18,"column":8},"end":{"line":22,"column":14}},{"start":{"line":23,"column":8},"end":{"line":28,"column":13}},{"start":{"line":29,"column":8},"end":{"line":30,"column":25}}],"line":7}},"s":{"0":1,"1":5,"2":1,"3":1,"4":1,"5":1,"6":1,"7":1},"f":{"0":5,"1":1},"b":{"0":[0],"1":[1,1,1,1,1]},"_coverageSchema":"43e27e138ebf9cfc5966b082cf9a028302ed4184","hash":"32d33bf5a3cd8a3e3e2388518b10bd6b47891ad3"}
}
