{"/Users/seanmcquaid/development/Projects/CreditCardRoulette/src/components/Input/Input.js": {"path":"/Users/seanmcquaid/development/Projects/CreditCardRoulette/src/components/Input/Input.js","statementMap":{"0":{"start":{"line":6,"column":14},"end":{"line":6,"column":147}},"1":{"start":{"line":6,"column":50},"end":{"line":6,"column":147}},"2":{"start":{"line":9,"column":24},"end":{"line":15,"column":1}},"3":{"start":{"line":17,"column":0},"end":{"line":21,"column":2}},"4":{"start":{"line":23,"column":0},"end":{"line":27,"column":2}},"5":{"start":{"line":24,"column":21},"end":{"line":24,"column":57}}},"fnMap":{"0":{"name":"(anonymous_0)","decl":{"start":{"line":6,"column":14},"end":{"line":6,"column":15}},"loc":{"start":{"line":6,"column":50},"end":{"line":6,"column":147}},"line":6},"1":{"name":"(anonymous_1)","decl":{"start":{"line":24,"column":15},"end":{"line":24,"column":16}},"loc":{"start":{"line":24,"column":21},"end":{"line":24,"column":57}},"line":24}},"branchMap":{},"s":{"0":1,"1":0,"2":1,"3":1,"4":1,"5":0},"f":{"0":0,"1":0},"b":{},"_coverageSchema":"1a1c01bbd47fc00a2c39e90264f33305004495a9","hash":"93dcd9e4f175daa6f67d19eef569ab741a75ef50"}
}
